<?xml version="1.0" encoding="UTF-8"?>
<!-- Generated by org.testng.reporters.JUnitReportReporter -->
<testsuite hostname="rupesh" name="test.LoginTest" tests="1" failures="0" timestamp="2 May 2019 17:56:52 GMT" time="21.145" errors="0">
  <testcase name="TechfiosLoginTest" time="21.145" classname="test.LoginTest"/>
</testsuite> <!-- test.LoginTest -->
