<?xml version="1.0" encoding="UTF-8"?>
<!-- Generated by org.testng.reporters.JUnitReportReporter -->
<testsuite hostname="rupesh" name="test.AddContactTest" tests="1" failures="0" timestamp="2 May 2019 18:02:21 GMT" time="14.390" errors="0">
  <testcase name="AddingContact" time="14.390" classname="test.AddContactTest"/>
</testsuite> <!-- test.AddContactTest -->
